#
# A fatal error has been detected by the Java Runtime Environment:
#
#  Internal Error (safepoint.cpp:687), pid=2964, tid=2052
#  fatal error: Deadlock in safepoint code.  Should have called back to the VM before blocking.
#
# JRE version: 7.0_11-b21
# Java VM: Java HotSpot(TM) 64-Bit Server VM (23.6-b04 mixed mode windows-amd64 compressed oops)
# Failed to write core dump. Minidumps are not enabled by default on client versions of Windows
#
# If you would like to submit a bug report, please visit:
#   http://bugreport.sun.com/bugreport/crash.jsp
#

---------------  T H R E A D  ---------------

Current thread (0x0000000033bac800):  JavaThread "main" [_thread_in_native_trans, id=2052, stack(0x0000000000030000,0x0000000004030000)]

Stack: [0x0000000000030000,0x0000000004030000]

---------------  P R O C E S S  ---------------

Java Threads: ( => current thread )
  0x00000000553dc800 JavaThread "FileDecorationCache request queue" daemon [_thread_blocked, id=784, stack(0x0000000108000000,0x000000010c000000)]
  0x00000000553e3800 JavaThread "Code Analyzer updating thread" [_thread_blocked, id=4576, stack(0x0000000114000000,0x0000000118000000)]
  0x00000000553dd800 JavaThread "Active Reference Queue Daemon" daemon [_thread_blocked, id=6840, stack(0x0000000110000000,0x0000000114000000)]
  0x00000000553db000 JavaThread "Timer-1" daemon [_thread_blocked, id=4384, stack(0x00000000dbff0000,0x00000000dfff0000)]
  0x00000000553e1000 JavaThread "ClipboardMonitor Timer" daemon [_thread_blocked, id=5388, stack(0x00000000b7ff0000,0x00000000bbff0000)]
  0x00000000553e0800 JavaThread "Explorer NavigationContext request queue" daemon [_thread_blocked, id=2732, stack(0x000000010c000000,0x0000000110000000)]
  0x00000000553de000 JavaThread "AddressBar directory emptiness poller" daemon [_thread_blocked, id=816, stack(0x0000000104000000,0x0000000108000000)]
  0x00000000553dc000 JavaThread "Explorer Refresh Service 748092425" daemon [_thread_blocked, id=6804, stack(0x0000000100000000,0x0000000104000000)]
  0x00000000553d9000 JavaThread "Thread-4" daemon [_thread_blocked, id=2512, stack(0x00000000d7ff0000,0x00000000dbff0000)]
  0x0000000056951800 JavaThread "Image Fetcher 3" daemon [_thread_blocked, id=6520, stack(0x00000000d3ff0000,0x00000000d7ff0000)]
  0x0000000056951000 JavaThread "Image Fetcher 2" daemon [_thread_blocked, id=6964, stack(0x00000000cfff0000,0x00000000d3ff0000)]
  0x0000000056950000 JavaThread "Image Fetcher 1" daemon [_thread_blocked, id=1572, stack(0x00000000cbff0000,0x00000000cfff0000)]
  0x000000005694f800 JavaThread "TimerQueue" daemon [_thread_blocked, id=4892, stack(0x00000000bbff0000,0x00000000bfff0000)]
  0x00000000553d6800 JavaThread "Thread-3" daemon [_thread_blocked, id=7144, stack(0x00000000a7ff0000,0x00000000abff0000)]
  0x00000000553d5800 JavaThread "AWT-EventQueue-0" [_thread_in_native, id=3448, stack(0x00000000a3ff0000,0x00000000a7ff0000)]
  0x00000000553d5000 JavaThread "AWT-Shutdown" [_thread_blocked, id=5620, stack(0x0000000093ff0000,0x0000000097ff0000)]
  0x00000000557c6000 JavaThread "FelixPackageAdmin" daemon [_thread_blocked, id=5920, stack(0x00000000b3ff0000,0x00000000b7ff0000)]
  0x0000000055a2f000 JavaThread "FelixStartLevel" daemon [_thread_blocked, id=3400, stack(0x00000000afff0000,0x00000000b3ff0000)]
  0x0000000055a2e000 JavaThread "FelixDispatchQueue" daemon [_thread_blocked, id=1228, stack(0x00000000abff0000,0x00000000afff0000)]
  0x0000000055476000 JavaThread "com.google.common.base.internal.Finalizer" daemon [_thread_blocked, id=7024, stack(0x000000009fff0000,0x00000000a3ff0000)]
  0x000000005560f800 JavaThread "Image Fetcher 0" daemon [_thread_blocked, id=6632, stack(0x000000009bff0000,0x000000009fff0000)]
  0x00000000555b1000 JavaThread "AWT-Windows" daemon [_thread_blocked, id=6472, stack(0x0000000097ff0000,0x000000009bff0000)]
  0x0000000055472000 JavaThread "Java2D Disposer" daemon [_thread_blocked, id=4852, stack(0x000000008fff0000,0x0000000093ff0000)]
  0x000000005534e800 JavaThread "Timer-0" [_thread_blocked, id=6660, stack(0x000000008bff0000,0x000000008fff0000)]
  0x0000000055367800 JavaThread "EventMgr Dispatcher" daemon [_thread_in_native, id=5576, stack(0x0000000087ff0000,0x000000008bff0000)]
  0x0000000033dc6800 JavaThread "Service Thread" daemon [_thread_blocked, id=6800, stack(0x000000007fff0000,0x0000000083ff0000)]
  0x0000000033db5000 JavaThread "C2 CompilerThread1" daemon [_thread_blocked, id=5368, stack(0x0000000077c80000,0x000000007bc80000)]
  0x0000000033db2000 JavaThread "C2 CompilerThread0" daemon [_thread_blocked, id=5292, stack(0x0000000071610000,0x0000000075610000)]
  0x0000000033db1000 JavaThread "Attach Listener" daemon [_thread_blocked, id=1824, stack(0x0000000062260000,0x0000000066260000)]
  0x0000000033d3b800 JavaThread "Finalizer" daemon [_thread_blocked, id=5652, stack(0x000000005e260000,0x0000000062260000)]
  0x0000000033d31800 JavaThread "Reference Handler" daemon [_thread_blocked, id=3472, stack(0x000000004d9f0000,0x00000000519f0000)]
=>0x0000000033bac800 JavaThread "main" [_thread_in_native_trans, id=2052, stack(0x0000000000030000,0x0000000004030000)]

Other Threads:
  0x0000000033d2e000 VMThread [stack: 0x00000000499f0000,0x000000004d9f0000] [id=5516]
  0x0000000033e1d800 WatcherThread [stack: 0x0000000083ff0000,0x0000000087ff0000] [id=3172]

VM state:synchronizing (normal execution)

VM Mutex/Monitor currently owned by a thread:  ([mutex/lock_event])
[0x0000000032b8c4f0] Threads_lock - owner thread: 0x0000000033d2e000
[0x0000000032b8c870] JNIGlobalHandle_lock - owner thread: 0x0000000033bac800

Heap
 PSYoungGen      total 91648K, used 81650K [0x00000000fa000000, 0x0000000100000000, 0x0000000100000000)
  eden space 86016K, 90% used [0x00000000fa000000,0x00000000febd8740,0x00000000ff400000)
  from space 5632K, 70% used [0x00000000ffa80000,0x00000000ffe64318,0x0000000100000000)
  to   space 6144K, 0% used [0x00000000ff400000,0x00000000ff400000,0x00000000ffa00000)
 ParOldGen       total 65216K, used 46179K [0x00000000e8000000, 0x00000000ebfb0000, 0x00000000fa000000)
  object space 65216K, 70% used [0x00000000e8000000,0x00000000ead18c58,0x00000000ebfb0000)
 PSPermGen       total 92864K, used 49131K [0x00000000e0000000, 0x00000000e5ab0000, 0x00000000e8000000)
  object space 92864K, 52% used [0x00000000e0000000,0x00000000e2ffaf08,0x00000000e5ab0000)

Card table byte_map: [0x0000000037460000,0x0000000037570000] byte_map_base: 0x0000000036d60000

Polling page: 0x0000000008ea0000

Code Cache  [0x00000000343a0000, 0x0000000034620000, 0x00000000373a0000)
 total_blobs=1428 nmethods=812 adapters=566 free_code_cache=46654Kb largest_free_block=47726528

Compilation events (10 events):
Event: 10.022 Thread 0x0000000033db5000 nmethod 857 0x0000000034611190 code [0x00000000346112e0, 0x00000000346113f8]
Event: 10.022 Thread 0x0000000033db5000  858   !         com.mathworks.jmi.NativeMatlab::postUserEventToMatlab (15 bytes)
Event: 10.023 Thread 0x0000000033db5000 nmethod 858 0x0000000034610f50 code [0x00000000346110a0, 0x0000000034611108]
Event: 10.023 Thread 0x0000000033db5000  860   !         com.mathworks.jmi.bean.MatlabCallbackInterface::getCallbackData (29 bytes)
Event: 10.023 Thread 0x0000000033db2000 nmethod 856 0x0000000034614b10 code [0x0000000034614c80, 0x0000000034614f58]
Event: 10.023 Thread 0x0000000033db2000  861             com.mathworks.jmi.bean.EventQueue::remove (98 bytes)
Event: 10.023 Thread 0x0000000033db2000 nmethod 861 0x0000000034614710 code [0x0000000034614860, 0x00000000346149d8]
Event: 10.023 Thread 0x0000000033db2000  862             com.mathworks.hg.peer.EchoEvent::getId (5 bytes)
Event: 10.024 Thread 0x0000000033db2000 nmethod 862 0x0000000034615190 code [0x00000000346152c0, 0x0000000034615318]
Event: 10.024 Thread 0x0000000033db5000 nmethod 860 0x0000000034616350 code [0x00000000346164c0, 0x0000000034616978]

GC Heap History (10 events):
Event: 7.611 GC heap before
{Heap before GC invocations=19 (full 0):
 PSYoungGen      total 92416K, used 90007K [0x00000000fa000000, 0x00000000fff90000, 0x0000000100000000)
  eden space 86976K, 100% used [0x00000000fa000000,0x00000000ff4f0000,0x00000000ff4f0000)
  from space 5440K, 55% used [0x00000000ffa40000,0x00000000ffd35e28,0x00000000fff90000)
  to   space 5440K, 0% used [0x00000000ff4f0000,0x00000000ff4f0000,0x00000000ffa40000)
 ParOldGen       total 49152K, used 24698K [0x00000000e8000000, 0x00000000eb000000, 0x00000000fa000000)
  object space 49152K, 50% used [0x00000000e8000000,0x00000000e981e960,0x00000000eb000000)
 PSPermGen       total 44288K, used 44129K [0x00000000e0000000, 0x00000000e2b40000, 0x00000000e8000000)
  object space 44288K, 99% used [0x00000000e0000000,0x00000000e2b18680,0x00000000e2b40000)
Event: 7.616 GC heap after
Heap after GC invocations=19 (full 0):
 PSYoungGen      total 92416K, used 3458K [0x00000000fa000000, 0x00000000fffa0000, 0x0000000100000000)
  eden space 86976K, 0% used [0x00000000fa000000,0x00000000fa000000,0x00000000ff4f0000)
  from space 5440K, 63% used [0x00000000ff4f0000,0x00000000ff8509e8,0x00000000ffa40000)
  to   space 5248K, 0% used [0x00000000ffa80000,0x00000000ffa80000,0x00000000fffa0000)
 ParOldGen       total 49152K, used 25834K [0x00000000e8000000, 0x00000000eb000000, 0x00000000fa000000)
  object space 49152K, 52% used [0x00000000e8000000,0x00000000e993a8c8,0x00000000eb000000)
 PSPermGen       total 44288K, used 44129K [0x00000000e0000000, 0x00000000e2b40000, 0x00000000e8000000)
  object space 44288K, 99% used [0x00000000e0000000,0x00000000e2b18680,0x00000000e2b40000)
}
Event: 8.335 GC heap before
{Heap before GC invocations=20 (full 0):
 PSYoungGen      total 92416K, used 90434K [0x00000000fa000000, 0x00000000fffa0000, 0x0000000100000000)
  eden space 86976K, 100% used [0x00000000fa000000,0x00000000ff4f0000,0x00000000ff4f0000)
  from space 5440K, 63% used [0x00000000ff4f0000,0x00000000ff8509e8,0x00000000ffa40000)
  to   space 5248K, 0% used [0x00000000ffa80000,0x00000000ffa80000,0x00000000fffa0000)
 ParOldGen       total 49152K, used 25834K [0x00000000e8000000, 0x00000000eb000000, 0x00000000fa000000)
  object space 49152K, 52% used [0x00000000e8000000,0x00000000e993a8c8,0x00000000eb000000)
 PSPermGen       total 46592K, used 46427K [0x00000000e0000000, 0x00000000e2d80000, 0x00000000e8000000)
  object space 46592K, 99% used [0x00000000e0000000,0x00000000e2d56d50,0x00000000e2d80000)
Event: 8.392 GC heap after
Heap after GC invocations=20 (full 0):
 PSYoungGen      total 92416K, used 4368K [0x00000000fa000000, 0x0000000100000000, 0x0000000100000000)
  eden space 87168K, 0% used [0x00000000fa000000,0x00000000fa000000,0x00000000ff520000)
  from space 5248K, 83% used [0x00000000ffa80000,0x00000000ffec4190,0x00000000fffa0000)
  to   space 5504K, 0% used [0x00000000ff520000,0x00000000ff520000,0x00000000ffa80000)
 ParOldGen       total 55680K, used 52046K [0x00000000e8000000, 0x00000000eb660000, 0x00000000fa000000)
  object space 55680K, 93% used [0x00000000e8000000,0x00000000eb2d3b90,0x00000000eb660000)
 PSPermGen       total 46592K, used 46427K [0x00000000e0000000, 0x00000000e2d80000, 0x00000000e8000000)
  object space 46592K, 99% used [0x00000000e0000000,0x00000000e2d56d50,0x00000000e2d80000)
}
Event: 8.392 GC heap before
{Heap before GC invocations=21 (full 1):
 PSYoungGen      total 92416K, used 4368K [0x00000000fa000000, 0x0000000100000000, 0x0000000100000000)
  eden space 87168K, 0% used [0x00000000fa000000,0x00000000fa000000,0x00000000ff520000)
  from space 5248K, 83% used [0x00000000ffa80000,0x00000000ffec4190,0x00000000fffa0000)
  to   space 5504K, 0% used [0x00000000ff520000,0x00000000ff520000,0x00000000ffa80000)
 ParOldGen       total 55680K, used 52046K [0x00000000e8000000, 0x00000000eb660000, 0x00000000fa000000)
  object space 55680K, 93% used [0x00000000e8000000,0x00000000eb2d3b90,0x00000000eb660000)
 PSPermGen       total 46592K, used 46427K [0x00000000e0000000, 0x00000000e2d80000, 0x00000000e8000000)
  object space 46592K, 99% used [0x00000000e0000000,0x00000000e2d56d50,0x00000000e2d80000)
Event: 8.520 GC heap after
Heap after GC invocations=21 (full 1):
 PSYoungGen      total 92416K, used 0K [0x00000000fa000000, 0x0000000100000000, 0x0000000100000000)
  eden space 87168K, 0% used [0x00000000fa000000,0x00000000fa000000,0x00000000ff520000)
  from space 5248K, 0% used [0x00000000ffa80000,0x00000000ffa80000,0x00000000fffa0000)
  to   space 5504K, 0% used [0x00000000ff520000,0x00000000ff520000,0x00000000ffa80000)
 ParOldGen       total 65216K, used 36094K [0x00000000e8000000, 0x00000000ebfb0000, 0x00000000fa000000)
  object space 65216K, 55% used [0x00000000e8000000,0x00000000ea33f848,0x00000000ebfb0000)
 PSPermGen       total 92864K, used 46409K [0x00000000e0000000, 0x00000000e5ab0000, 0x00000000e8000000)
  object space 92864K, 49% used [0x00000000e0000000,0x00000000e2d52420,0x00000000e5ab0000)
}
Event: 9.002 GC heap before
{Heap before GC invocations=22 (full 1):
 PSYoungGen      total 92416K, used 87168K [0x00000000fa000000, 0x0000000100000000, 0x0000000100000000)
  eden space 87168K, 100% used [0x00000000fa000000,0x00000000ff520000,0x00000000ff520000)
  from space 5248K, 0% used [0x00000000ffa80000,0x00000000ffa80000,0x00000000fffa0000)
  to   space 5504K, 0% used [0x00000000ff520000,0x00000000ff520000,0x00000000ffa80000)
 ParOldGen       total 65216K, used 36094K [0x00000000e8000000, 0x00000000ebfb0000, 0x00000000fa000000)
  object space 65216K, 55% used [0x00000000e8000000,0x00000000ea33f848,0x00000000ebfb0000)
 PSPermGen       total 92864K, used 47897K [0x00000000e0000000, 0x00000000e5ab0000, 0x00000000e8000000)
  object space 92864K, 51% used [0x00000000e0000000,0x00000000e2ec6638,0x00000000e5ab0000)
Event: 9.005 GC heap after
Heap after GC invocations=22 (full 1):
 PSYoungGen      total 92672K, used 5473K [0x00000000fa000000, 0x0000000100000000, 0x0000000100000000)
  eden space 87168K, 0% used [0x00000000fa000000,0x00000000fa000000,0x00000000ff520000)
  from space 5504K, 99% used [0x00000000ff520000,0x00000000ffa78570,0x00000000ffa80000)
  to   space 5632K, 0% used [0x00000000ffa80000,0x00000000ffa80000,0x0000000100000000)
 ParOldGen       total 65216K, used 36710K [0x00000000e8000000, 0x00000000ebfb0000, 0x00000000fa000000)
  object space 65216K, 56% used [0x00000000e8000000,0x00000000ea3d9ad8,0x00000000ebfb0000)
 PSPermGen       total 92864K, used 47897K [0x00000000e0000000, 0x00000000e5ab0000, 0x00000000e8000000)
  object space 92864K, 51% used [0x00000000e0000000,0x00000000e2ec6638,0x00000000e5ab0000)
}
Event: 9.297 GC heap before
{Heap before GC invocations=23 (full 1):
 PSYoungGen      total 92672K, used 92641K [0x00000000fa000000, 0x0000000100000000, 0x0000000100000000)
  eden space 87168K, 100% used [0x00000000fa000000,0x00000000ff520000,0x00000000ff520000)
  from space 5504K, 99% used [0x00000000ff520000,0x00000000ffa78570,0x00000000ffa80000)
  to   space 5632K, 0% used [0x00000000ffa80000,0x00000000ffa80000,0x0000000100000000)
 ParOldGen       total 65216K, used 36710K [0x00000000e8000000, 0x00000000ebfb0000, 0x00000000fa000000)
  object space 65216K, 56% used [0x00000000e8000000,0x00000000ea3d9ad8,0x00000000ebfb0000)
 PSPermGen       total 92864K, used 48401K [0x00000000e0000000, 0x00000000e5ab0000, 0x00000000e8000000)
  object space 92864K, 52% used [0x00000000e0000000,0x00000000e2f447b8,0x00000000e5ab0000)
Event: 9.302 GC heap after
Heap after GC invocations=23 (full 1):
 PSYoungGen      total 91648K, used 3984K [0x00000000fa000000, 0x0000000100000000, 0x0000000100000000)
  eden space 86016K, 0% used [0x00000000fa000000,0x00000000fa000000,0x00000000ff400000)
  from space 5632K, 70% used [0x00000000ffa80000,0x00000000ffe64318,0x0000000100000000)
  to   space 6144K, 0% used [0x00000000ff400000,0x00000000ff400000,0x00000000ffa00000)
 ParOldGen       total 65216K, used 46179K [0x00000000e8000000, 0x00000000ebfb0000, 0x00000000fa000000)
  object space 65216K, 70% used [0x00000000e8000000,0x00000000ead18c58,0x00000000ebfb0000)
 PSPermGen       total 92864K, used 48401K [0x00000000e0000000, 0x00000000e5ab0000, 0x00000000e8000000)
  object space 92864K, 52% used [0x00000000e0000000,0x00000000e2f447b8,0x00000000e5ab0000)
}

Deoptimization events (10 events):
Event: 9.061 Thread 0x00000000553e2000 Uncommon trap -58 fr.pc 0x000000003457a97c
Event: 9.102 Thread 0x00000000553d5800 Uncommon trap -83 fr.pc 0x0000000034525c64
Event: 9.104 Thread 0x00000000553d5800 Uncommon trap -83 fr.pc 0x00000000345146f4
Event: 9.132 Thread 0x00000000553e2000 Uncommon trap -83 fr.pc 0x000000003458e7d0
Event: 9.375 Thread 0x00000000553d5800 Uncommon trap -12 fr.pc 0x00000000345d0d1c
Event: 9.829 Thread 0x00000000553d5800 Uncommon trap -10 fr.pc 0x000000003448c5c8
Event: 9.829 Thread 0x00000000553d5800 Uncommon trap -10 fr.pc 0x000000003448c5c8
Event: 9.830 Thread 0x00000000553d5800 Uncommon trap -83 fr.pc 0x0000000034540868
Event: 9.830 Thread 0x00000000553d5800 Uncommon trap -10 fr.pc 0x000000003448c5c8
Event: 9.830 Thread 0x00000000553d5800 Uncommon trap -10 fr.pc 0x000000003448ad44

Internal exceptions (10 events):
Event: 9.825 Thread 0x00000000553d5800 Threw 0x00000000fe84e1d8 at C:\jdk7u1_64p\jdk7u11\hotspot\src\share\vm\prims\jvm.cpp:1166
Event: 9.826 Thread 0x00000000553d5800 Threw 0x00000000fe86cdc0 at C:\jdk7u1_64p\jdk7u11\hotspot\src\share\vm\prims\jvm.cpp:1166
Event: 9.827 Thread 0x00000000553d5800 Threw 0x00000000fe88b788 at C:\jdk7u1_64p\jdk7u11\hotspot\src\share\vm\prims\jvm.cpp:1166
Event: 9.828 Thread 0x00000000553d5800 Threw 0x00000000fe8a9618 at C:\jdk7u1_64p\jdk7u11\hotspot\src\share\vm\prims\jvm.cpp:1166
Event: 9.828 Thread 0x00000000553d5800 Threw 0x00000000fe8c64a0 at C:\jdk7u1_64p\jdk7u11\hotspot\src\share\vm\prims\jvm.cpp:1166
Event: 9.829 Thread 0x00000000553d5800 Implicit null exception at 0x000000003448c140 to 0x000000003448c5b9
Event: 9.829 Thread 0x00000000553d5800 Threw 0x00000000fe8e29f0 at C:\jdk7u1_64p\jdk7u11\hotspot\src\share\vm\prims\jvm.cpp:1166
Event: 9.829 Thread 0x00000000553d5800 Implicit null exception at 0x000000003448c140 to 0x000000003448c5b9
Event: 9.830 Thread 0x00000000553d5800 Implicit null exception at 0x000000003448c140 to 0x000000003448c5b9
Event: 9.830 Thread 0x00000000553d5800 Implicit null exception at 0x000000003448ac33 to 0x000000003448ad39

Events (10 events):
Event: 9.830 Thread 0x00000000553d5800 DEOPT PACKING pc=0x0000000034540868 sp=0x00000000a7fee200
Event: 9.830 Thread 0x00000000553d5800 DEOPT UNPACKING pc=0x00000000343d9164 sp=0x00000000a7fee1a8 mode 2
Event: 9.830 Thread 0x00000000553d5800 DEOPT PACKING pc=0x000000003448c5c8 sp=0x00000000a7fee290
Event: 9.830 Thread 0x00000000553d5800 DEOPT UNPACKING pc=0x00000000343d9164 sp=0x00000000a7fee1d0 mode 2
Event: 9.830 Thread 0x00000000553d5800 DEOPT PACKING pc=0x000000003448ad44 sp=0x00000000a7fee180
Event: 9.830 Thread 0x00000000553d5800 DEOPT UNPACKING pc=0x00000000343d9164 sp=0x00000000a7fee110 mode 2
Event: 9.976 loading class 0x00000000557b2a50
Event: 9.976 loading class 0x00000000557b2a50 done
Event: 10.006 Executing VM operation: RevokeBias
Event: 10.006 Executing VM operation: RevokeBias done


Dynamic libraries:
0x0000000140000000 - 0x0000000140029000 	C:\Program Files\MATLAB\R2013b\bin\win64\matlab.exe
0x0000000077aa0000 - 0x0000000077c4a000 	C:\Windows\SYSTEM32\ntdll.dll
0x0000000077880000 - 0x000000007799f000 	C:\Windows\system32\kernel32.dll
0x000007fefd870000 - 0x000007fefd8da000 	C:\Windows\system32\KERNELBASE.dll
0x000000006f060000 - 0x000000006f3dc000 	C:\Program Files\MATLAB\R2013b\bin\win64\libmwservices.dll
0x000000006fe80000 - 0x000000006ff56000 	C:\Program Files\MATLAB\R2013b\bin\win64\libmwi18n.dll
0x000000006fe70000 - 0x000000006fe7d000 	C:\Program Files\MATLAB\R2013b\bin\win64\libmwresource_core.dll
0x000000005c230000 - 0x000000005c2c8000 	C:\Program Files\MATLAB\R2013b\bin\win64\MSVCP100.dll
0x0000000054fb0000 - 0x0000000055082000 	C:\Program Files\MATLAB\R2013b\bin\win64\MSVCR100.dll
0x00000000711b0000 - 0x00000000711be000 	C:\Program Files\MATLAB\R2013b\bin\win64\boost_date_time-vc100-mt-1_49.dll
0x000000005c200000 - 0x000000005c22c000 	C:\Program Files\MATLAB\R2013b\bin\win64\boost_filesystem-vc100-mt-1_49.dll
0x0000000068560000 - 0x0000000068569000 	C:\Program Files\MATLAB\R2013b\bin\win64\boost_system-vc100-mt-1_49.dll
0x000007fefe470000 - 0x000007fefe54b000 	C:\Windows\system32\ADVAPI32.dll
0x000007fefe5a0000 - 0x000007fefe63f000 	C:\Windows\system32\msvcrt.dll
0x000007fefe450000 - 0x000007fefe46f000 	C:\Windows\SYSTEM32\sechost.dll
0x000007feffaa0000 - 0x000007feffbcd000 	C:\Windows\system32\RPCRT4.dll
0x000000005c190000 - 0x000000005c1b5000 	C:\Program Files\MATLAB\R2013b\bin\win64\LIBEXPAT.dll
0x0000000054e20000 - 0x0000000054faa000 	C:\Program Files\MATLAB\R2013b\bin\win64\icuin49.dll
0x0000000054ce0000 - 0x0000000054e1e000 	C:\Program Files\MATLAB\R2013b\bin\win64\icuuc49.dll
0x0000000053bb0000 - 0x0000000054cd2000 	C:\Program Files\MATLAB\R2013b\bin\win64\icudt49.dll
0x000000005e250000 - 0x000000005e260000 	C:\Program Files\MATLAB\R2013b\bin\win64\icuio49.dll
0x0000000004200000 - 0x00000000042bb000 	C:\Program Files\MATLAB\R2013b\bin\win64\libut.dll
0x000000006f960000 - 0x000000006fb07000 	C:\Program Files\MATLAB\R2013b\bin\win64\libmwfl.dll
0x00000000042c0000 - 0x00000000046cf000 	C:\Program Files\MATLAB\R2013b\bin\win64\libmwMATLAB_res.dll
0x00000000586c0000 - 0x000000005879f000 	C:\Program Files\MATLAB\R2013b\bin\win64\boost_regex-vc100-mt-1_49.dll
0x00000000779a0000 - 0x0000000077a9a000 	C:\Windows\system32\USER32.dll
0x000007fefdda0000 - 0x000007fefde07000 	C:\Windows\system32\GDI32.dll
0x000007feffda0000 - 0x000007feffdae000 	C:\Windows\system32\LPK.dll
0x000007fefea20000 - 0x000007fefeaea000 	C:\Windows\system32\USP10.dll
0x000000005c170000 - 0x000000005c181000 	C:\Program Files\MATLAB\R2013b\bin\win64\boost_signals-vc100-mt-1_49.dll
0x00000000586a0000 - 0x00000000586b1000 	C:\Program Files\MATLAB\R2013b\bin\win64\boost_thread-vc100-mt-1_49.dll
0x0000000057470000 - 0x00000000574fc000 	C:\Program Files\MATLAB\R2013b\bin\win64\boost_log-vc100-mt-1_49.dll
0x0000000077c70000 - 0x0000000077c77000 	C:\Windows\system32\PSAPI.DLL
0x000007fefe550000 - 0x000007fefe59d000 	C:\Windows\system32\WS2_32.dll
0x000007feffa90000 - 0x000007feffa98000 	C:\Windows\system32\NSI.dll
0x000007fefaf10000 - 0x000007fefaf43000 	C:\Program Files\MATLAB\R2013b\bin\win64\tbb.dll
0x000007feffd80000 - 0x000007feffd99000 	C:\Windows\system32\imagehlp.dll
0x000007fefc150000 - 0x000007fefc17c000 	C:\Windows\system32\POWRPROF.dll
0x000007fefde10000 - 0x000007fefdfe7000 	C:\Windows\system32\SETUPAPI.dll
0x000007fefd810000 - 0x000007fefd846000 	C:\Windows\system32\CFGMGR32.dll
0x000007fefec20000 - 0x000007fefecfa000 	C:\Windows\system32\OLEAUT32.dll
0x000007fefdb90000 - 0x000007fefdd93000 	C:\Windows\system32\ole32.dll
0x000007fefdb50000 - 0x000007fefdb6a000 	C:\Windows\system32\DEVOBJ.dll
0x00000000046d0000 - 0x00000000047cb000 	C:\Program Files\MATLAB\R2013b\bin\win64\libmx.dll
0x000007fefae60000 - 0x000007fefae88000 	C:\Program Files\MATLAB\R2013b\bin\win64\tbbmalloc.dll
0x0000000057450000 - 0x0000000057467000 	C:\Program Files\MATLAB\R2013b\bin\win64\zlib1.dll
0x000000006ef00000 - 0x000000006ef4e000 	C:\Program Files\MATLAB\R2013b\bin\win64\libmwregexp.dll
0x000000006eeb0000 - 0x000000006eef7000 	C:\Program Files\MATLAB\R2013b\bin\win64\mpath.dll
0x00000000047d0000 - 0x0000000004df8000 	C:\Program Files\MATLAB\R2013b\bin\win64\mlutil.dll
0x000000006e870000 - 0x000000006e8e7000 	C:\Program Files\MATLAB\R2013b\bin\win64\xmlcore.dll
0x0000000053960000 - 0x0000000053ba1000 	C:\Program Files\MATLAB\R2013b\bin\win64\xerces-c_2_7.dll
0x000000006e5f0000 - 0x000000006e613000 	C:\Program Files\MATLAB\R2013b\bin\win64\libmwMATLAB_settings_res.dll
0x000000005c9b0000 - 0x000000005c9c0000 	C:\Program Files\MATLAB\R2013b\bin\win64\boost_iostreams-vc100-mt-1_49.dll
0x0000000053910000 - 0x0000000053956000 	C:\Program Files\MATLAB\R2013b\bin\win64\boost_serialization-vc100-mt-1_49.dll
0x000007fefed00000 - 0x000007feffa8a000 	C:\Windows\system32\SHELL32.dll
0x000007fefeba0000 - 0x000007fefec11000 	C:\Windows\system32\SHLWAPI.dll
0x000000006e580000 - 0x000000006e586000 	C:\Program Files\MATLAB\R2013b\bin\win64\libmwnativedisplay.dll
0x00000000685f0000 - 0x000000006863d000 	C:\Program Files\MATLAB\R2013b\bin\win64\opccore.dll
0x0000000004e10000 - 0x0000000004ee6000 	C:\Program Files\MATLAB\R2013b\bin\win64\opcmodel.dll
0x00000000684c0000 - 0x00000000684ed000 	C:\Program Files\MATLAB\R2013b\bin\win64\opczippackage.dll
0x000000005c1f0000 - 0x000000005c1fe000 	C:\Program Files\MATLAB\R2013b\bin\win64\libminizip.dll
0x0000000068340000 - 0x00000000683a6000 	C:\Program Files\MATLAB\R2013b\bin\win64\opcmwservices.dll
0x000007fef7f30000 - 0x000007fef7fd0000 	C:\Windows\WinSxS\amd64_microsoft.windows.common-controls_6595b64144ccf1df_5.82.7601.18837_none_a4d981ff711297b6\COMCTL32.dll
0x000007feffce0000 - 0x000007feffd77000 	C:\Windows\system32\COMDLG32.dll
0x000007fefb580000 - 0x000007fefb596000 	C:\Windows\system32\NETAPI32.dll
0x000007fefb530000 - 0x000007fefb53c000 	C:\Windows\system32\netutils.dll
0x000007fefd250000 - 0x000007fefd273000 	C:\Windows\system32\srvcli.dll
0x000007fefb3e0000 - 0x000007fefb3f5000 	C:\Windows\system32\wkscli.dll
0x000000006e4d0000 - 0x000000006e57d000 	C:\Program Files\MATLAB\R2013b\bin\win64\mcr.dll
0x000000006e110000 - 0x000000006e4d0000 	C:\Program Files\MATLAB\R2013b\bin\win64\iqm.dll
0x0000000180000000 - 0x00000001800c2000 	C:\Program Files\MATLAB\R2013b\bin\win64\m_dispatcher.dll
0x0000000004ef0000 - 0x00000000056eb000 	C:\Program Files\MATLAB\R2013b\bin\win64\m_interpreter.dll
0x000000006d760000 - 0x000000006d784000 	C:\Program Files\MATLAB\R2013b\bin\win64\libmex.dll
0x000000006d6e0000 - 0x000000006d75b000 	C:\Program Files\MATLAB\R2013b\bin\win64\profiler.dll
0x000000006d450000 - 0x000000006d5c8000 	C:\Program Files\MATLAB\R2013b\bin\win64\libmwmathutil.dll
0x000000006d420000 - 0x000000006d447000 	C:\Program Files\MATLAB\R2013b\bin\win64\libmwmathrng.dll
0x000000006d410000 - 0x000000006d420000 	C:\Program Files\MATLAB\R2013b\bin\win64\libmwmfl_rng.dll
0x00000000056f0000 - 0x0000000005808000 	C:\Program Files\MATLAB\R2013b\bin\win64\libmwmathcore.dll
0x000000006d2b0000 - 0x000000006d313000 	C:\Program Files\MATLAB\R2013b\bin\win64\libmwspmatrix.dll
0x0000000005810000 - 0x0000000005a72000 	C:\Program Files\MATLAB\R2013b\bin\win64\mcos.dll
0x000000006cfc0000 - 0x000000006d01c000 	C:\Program Files\MATLAB\R2013b\bin\win64\libmwcholmod.dll
0x000000006cfb0000 - 0x000000006cfbc000 	C:\Program Files\MATLAB\R2013b\bin\win64\libmwamd.dll
0x000000006cfa0000 - 0x000000006cfab000 	C:\Program Files\MATLAB\R2013b\bin\win64\libmwcolamd.dll
0x000000006cf80000 - 0x000000006cf93000 	C:\Program Files\MATLAB\R2013b\bin\win64\libmwblas.dll
0x000000006cf60000 - 0x000000006cf75000 	C:\Program Files\MATLAB\R2013b\bin\win64\libmwbinder.dll
0x000000006cf50000 - 0x000000006cf5b000 	C:\Program Files\MATLAB\R2013b\bin\win64\libmwompwrapper.dll
0x000000006ced0000 - 0x000000006cf4f000 	C:\Program Files\MATLAB\R2013b\bin\win64\libmwlapack.dll
0x000000006ceb0000 - 0x000000006ced0000 	C:\Program Files\MATLAB\R2013b\bin\win64\m_pcodeio.dll
0x000000006ce50000 - 0x000000006ceac000 	C:\Program Files\MATLAB\R2013b\bin\win64\m_ir.dll
0x0000000005a80000 - 0x0000000006135000 	C:\Program Files\MATLAB\R2013b\bin\win64\m_parser.dll
0x000000006c780000 - 0x000000006c797000 	C:\Program Files\MATLAB\R2013b\bin\win64\ir_xfmr.dll
0x000000006c770000 - 0x000000006c780000 	C:\Program Files\MATLAB\R2013b\bin\win64\mtok.dll
0x000000006c740000 - 0x000000006c768000 	C:\Program Files\MATLAB\R2013b\bin\win64\m_pcodegen.dll
0x000007feeb850000 - 0x000007feeb975000 	C:\Windows\system32\dbghelp.dll
0x000000006c710000 - 0x000000006c73f000 	C:\Program Files\MATLAB\R2013b\bin\win64\libmwbridge.dll
0x000000006c650000 - 0x000000006c706000 	C:\Program Files\MATLAB\R2013b\bin\win64\udd.dll
0x0000000006140000 - 0x0000000006291000 	C:\Program Files\MATLAB\R2013b\bin\win64\libmwgui.dll
0x000000006c4d0000 - 0x000000006c4f8000 	C:\Program Files\MATLAB\R2013b\bin\win64\graphics_util.dll
0x0000000053850000 - 0x0000000053908000 	C:\Program Files\MATLAB\R2013b\bin\win64\libtex_base.dll
0x000000006bac0000 - 0x000000006c426000 	C:\Program Files\MATLAB\R2013b\bin\win64\hg.dll
0x000000006ba60000 - 0x000000006babd000 	C:\Program Files\MATLAB\R2013b\bin\win64\libmat.dll
0x000000006b850000 - 0x000000006ba58000 	C:\Program Files\MATLAB\R2013b\bin\win64\hdf5dll.dll
0x000000006b780000 - 0x000000006b848000 	C:\Program Files\MATLAB\R2013b\bin\win64\jmi.dll
0x000000006b770000 - 0x000000006b77e000 	C:\Program Files\MATLAB\R2013b\bin\win64\nativejava_services.dll
0x00000000062b0000 - 0x00000000062f2000 	C:\Program Files\MATLAB\R2013b\bin\win64\libmwhardcopy.dll
0x000000006b6d0000 - 0x000000006b72e000 	C:\Program Files\MATLAB\R2013b\bin\win64\libuij.dll
0x000000006b490000 - 0x000000006b695000 	C:\Program Files\MATLAB\R2013b\bin\win64\hgdatatypes.dll
0x0000000006300000 - 0x0000000006412000 	C:\Program Files\MATLAB\R2013b\bin\win64\hgutils.dll
0x000000006b2f0000 - 0x000000006b39e000 	C:\Program Files\MATLAB\R2013b\bin\win64\udd_mi.dll
0x000000006b2b0000 - 0x000000006b2e6000 	C:\Program Files\MATLAB\R2013b\bin\win64\libmwgbtutils.dll
0x000000006b290000 - 0x000000006b2a3000 	C:\Program Files\MATLAB\R2013b\bin\win64\libmwgbt.dll
0x000000006afc0000 - 0x000000006b28f000 	C:\Program Files\MATLAB\R2013b\bin\win64\uiw.dll
0x000000006afb0000 - 0x000000006afb9000 	C:\Program Files\MATLAB\R2013b\bin\win64\uinone.dll
0x000000006af80000 - 0x000000006afac000 	C:\Program Files\MATLAB\R2013b\bin\win64\libmwnativedialogs.dll
0x000000006af70000 - 0x000000006af7c000 	C:\Program Files\MATLAB\R2013b\bin\win64\libmwplatform_res.dll
0x000007fef7fd0000 - 0x000007fef7fe8000 	C:\Windows\system32\MPR.dll
0x00000000532f0000 - 0x000000005384d000 	C:\Program Files\MATLAB\R2013b\bin\win64\mfc100.dll
0x000007fefa730000 - 0x000007fefa737000 	C:\Windows\system32\MSIMG32.dll
0x000007fef7db0000 - 0x000007fef7e21000 	C:\Windows\system32\WINSPOOL.DRV
0x000000006af50000 - 0x000000006af6d000 	C:\Program Files\MATLAB\R2013b\bin\win64\mwoles05.DLL
0x000000006aee0000 - 0x000000006af4c000 	C:\Program Files\MATLAB\R2013b\bin\win64\comcli.dll
0x00000000532c0000 - 0x00000000532eb000 	C:\Program Files\MATLAB\R2013b\bin\win64\ATL100.DLL
0x000000006aed0000 - 0x000000006aedc000 	C:\Program Files\MATLAB\R2013b\bin\win64\mlautoregister.dll
0x0000000006430000 - 0x000000000659f000 	C:\Program Files\MATLAB\R2013b\bin\win64\mvm.dll
0x000007fefeb70000 - 0x000007fefeb9e000 	C:\Windows\system32\IMM32.DLL
0x000007feffbd0000 - 0x000007feffcd9000 	C:\Windows\system32\MSCTF.dll
0x000007fefbd70000 - 0x000007fefbdc6000 	C:\Windows\system32\UxTheme.dll
0x000007fefb9a0000 - 0x000007fefb9b8000 	C:\Windows\system32\dwmapi.dll

VM Arguments:
jvm_args: -XX:PermSize=32m -Xms64m -XX:NewRatio=3 -XX:MaxPermSize=128m -Xmx384m -XX:MaxDirectMemorySize=2147400000 -Dsun.java2d.noddraw=true -Dsun.awt.nopixfmt=true -Xshare:off -Xrs -XX:-UseSplitVerifier -Djava.library.path=C:\Program Files\MATLAB\R2013b\bin\win64;C:\Program Files\MATLAB\R2013b\sys\jxbrowser\win64\lib vfprintf abort -Duser.language=de -Duser.country=CH 
java_command: <unknown>
Launcher Type: generic

Environment Variables:
PATH=C:\Program Files\MATLAB\R2013b\bin\win64;C:\Windows\system32;C:\Windows;C:\Windows\System32\Wbem;C:\Windows\System32\WindowsPowerShell\v1.0\;C:\Program Files\MATLAB\R2013b\runtime\win64;C:\Program Files\MATLAB\R2013b\bin;C:\Program Files\Mplus\;C:\Program Files (x86)\GNU\GnuPG\pub;C:\Program Files\bin;C:\MiKTeX\miktex\bin\x64\;C:\Users\Gidon Frischkorn\AppData\Local\atom\bin
USERNAME=Gidon Frischkorn
OS=Windows_NT
PROCESSOR_IDENTIFIER=Intel64 Family 6 Model 60 Stepping 3, GenuineIntel



---------------  S Y S T E M  ---------------

OS: Windows 7 , 64 bit Build 7601 Service Pack 1

CPU:total 4 (4 cores per cpu, 1 threads per core) family 6 model 60 stepping 3, cmov, cx8, fxsr, mmx, sse, sse2, sse3, ssse3, sse4.1, sse4.2, popcnt, avx, avx2, tsc, tscinvbit

Memory: 4k page, physical 16675060k(12020372k free), swap 33348260k(28451516k free)

vm_info: Java HotSpot(TM) 64-Bit Server VM (23.6-b04) for windows-amd64 JRE (1.7.0_11-b21), built on Jan 12 2013 02:38:42 by "java_re" with unknown MS VC++:1600

time: Tue Jan 17 09:39:52 2017
elapsed time: 14 seconds

